<?xml version="1.0" encoding="UTF-8"?>
<testng-results ignored="0" total="1" passed="1" failed="0" skipped="0">
  <reporter-output>
  </reporter-output>
  <suite started-at="2023-08-20T18:59:54 IST" name="Default suite" finished-at="2023-08-20T19:00:03 IST" duration-ms="8712">
    <groups>
      <group name="cucumber">
        <method signature="AbstractTestNGCucumberTests.runScenario(io.cucumber.testng.PickleWrapper,io.cucumber.testng.FeatureWrapper)[pri:0, instance:runner.CucumberRunner@2898ac89]" name="runScenario" class="io.cucumber.testng.AbstractTestNGCucumberTests"/>
      </group> <!-- cucumber -->
    </groups>
    <test started-at="2023-08-20T18:59:54 IST" name="Default test" finished-at="2023-08-20T19:00:03 IST" duration-ms="8712">
      <class name="runner.CucumberRunner">
        <test-method is-config="true" signature="setUpClass(org.testng.ITestContext)[pri:0, instance:runner.CucumberRunner@2898ac89]" started-at="2023-08-20T18:59:54 IST" name="setUpClass" finished-at="2023-08-20T18:59:55 IST" duration-ms="394" status="PASS">
          <params>
            <param index="0">
              <value>
                <![CDATA[org.testng.TestRunner@5b742bc8]]>
              </value>
            </param>
          </params>
          <reporter-output>
          </reporter-output>
        </test-method> <!-- setUpClass -->
        <test-method signature="runScenario(io.cucumber.testng.PickleWrapper,io.cucumber.testng.FeatureWrapper)[pri:0, instance:runner.CucumberRunner@2898ac89]" started-at="2023-08-20T18:59:55 IST" name="runScenario" description="Runs Cucumber Scenarios" data-provider="scenarios" finished-at="2023-08-20T19:00:03 IST" duration-ms="7973" status="PASS">
          <params>
            <param index="0">
              <value>
                <![CDATA["Verify HCL foundation page text from Screenshot"]]>
              </value>
            </param>
            <param index="1">
              <value>
                <![CDATA["Use Case 2"]]>
              </value>
            </param>
          </params>
          <reporter-output>
          </reporter-output>
        </test-method> <!-- runScenario -->
        <test-method is-config="true" signature="tearDownClass()[pri:0, instance:runner.CucumberRunner@2898ac89]" started-at="2023-08-20T19:00:03 IST" name="tearDownClass" finished-at="2023-08-20T19:00:03 IST" duration-ms="315" status="PASS">
          <reporter-output>
          </reporter-output>
        </test-method> <!-- tearDownClass -->
      </class> <!-- runner.CucumberRunner -->
    </test> <!-- Default test -->
  </suite> <!-- Default suite -->
</testng-results>
